<?xml version="1.0" encoding="UTF-8"?>
<!-- Generated by org.testng.reporters.JUnitXMLReporter -->
<testsuite ignored="0" hostname="LAPTOP-EOFSG0CD" failures="0" tests="3" name="Default test" time="0.092" errors="0" timestamp="2026-05-12T00:47:05 IST">
  <testcase classname="LearnTestNG.LearnPrint" name="demoA" time="0.014"/>
  <testcase classname="LearnTestNG.LearnPrint" name="demoB" time="0.004"/>
  <testcase classname="LearnTestNG.LearnPrint" name="demoC" time="0.003"/>
</testsuite> <!-- Default test -->
