<?xml version="1.0" encoding="UTF-8"?>
<testng-results ignored="0" total="3" passed="3" failed="0" skipped="0">
  <reporter-output>
    <line>
      <![CDATA[bye world]]>
    </line>
    <line>
      <![CDATA[hi world]]>
    </line>
  </reporter-output>
  <suite started-at="2026-05-12T00:47:05 IST" name="Default suite" finished-at="2026-05-12T00:47:05 IST" duration-ms="92">
    <groups>
    </groups>
    <test started-at="2026-05-12T00:47:05 IST" name="Default test" finished-at="2026-05-12T00:47:05 IST" duration-ms="92">
      <class name="LearnTestNG.LearnPrint">
        <test-method signature="demoA()[pri:0, instance:LearnTestNG.LearnPrint@9d5509a]" started-at="2026-05-12T00:47:05 IST" name="demoA" finished-at="2026-05-12T00:47:05 IST" duration-ms="14" status="PASS">
          <reporter-output>
          </reporter-output>
        </test-method> <!-- demoA -->
        <test-method signature="demoB()[pri:0, instance:LearnTestNG.LearnPrint@9d5509a]" started-at="2026-05-12T00:47:05 IST" name="demoB" finished-at="2026-05-12T00:47:05 IST" duration-ms="4" status="PASS">
          <reporter-output>
            <line>
              <![CDATA[bye world]]>
            </line>
          </reporter-output>
        </test-method> <!-- demoB -->
        <test-method signature="demoC()[pri:0, instance:LearnTestNG.LearnPrint@9d5509a]" started-at="2026-05-12T00:47:05 IST" name="demoC" finished-at="2026-05-12T00:47:05 IST" duration-ms="3" status="PASS">
          <reporter-output>
            <line>
              <![CDATA[hi world]]>
            </line>
          </reporter-output>
        </test-method> <!-- demoC -->
      </class> <!-- LearnTestNG.LearnPrint -->
    </test> <!-- Default test -->
  </suite> <!-- Default suite -->
</testng-results>
