<?xml version="1.0" encoding="UTF-8"?>
<!-- Generated by org.testng.reporters.JUnitReportReporter -->
<testsuite hostname="LAPTOP-EOFSG0CD" failures="0" tests="3" name="LearnTestNG.LearnPrint" time="0.021" errors="0" timestamp="2026-05-12T00:47:05 IST" skipped="0">
  <testcase classname="LearnTestNG.LearnPrint" name="demoC" time="0.003">
    <system-out>
      <![CDATA[hi world]]>
    </system-out>
  </testcase> <!-- demoC -->
  <testcase classname="LearnTestNG.LearnPrint" name="demoB" time="0.004">
    <system-out>
      <![CDATA[bye world]]>
    </system-out>
  </testcase> <!-- demoB -->
  <testcase classname="LearnTestNG.LearnPrint" name="demoA" time="0.014"/>
  <system-out>
    <![CDATA[bye world
hi world]]>
  </system-out>
</testsuite> <!-- LearnTestNG.LearnPrint -->
